<?xml version="1.0" encoding="UTF-8"?>
<!-- Generated by org.testng.reporters.JUnitReportReporter -->
<testsuite hostname="DESKTOP-HOF3APB" failures="0" tests="1" name="test.LoginTest" time="16.014" errors="0" timestamp="2023-10-14T23:03:52 BDT" skipped="0">
  <testcase classname="test.LoginTest" name="validUserShouldBeAbleToLogin" time="16.014"/>
  <system-out/>
</testsuite> <!-- test.LoginTest -->
