<?xml version="1.0" encoding="UTF-8"?>
<!-- Generated by org.testng.reporters.JUnitReportReporter -->
<testsuite hostname="manojs-MBP.lan1" failures="0" tests="1" name="variousConcepts.edgeAndChrome" time="6.757" errors="0" timestamp="2023-09-29T23:33:56 CDT" skipped="0">
  <testcase classname="variousConcepts.edgeAndChrome" name="init" time="6.757"/>
  <system-out/>
</testsuite> <!-- variousConcepts.edgeAndChrome -->
