<?xml version="1.0" encoding="UTF-8"?>
<!-- Generated by org.testng.reporters.JUnitReportReporter -->
<testsuite hostname="Rohini" failures="0" tests="2" name="testcases.DeleteOneAccount" time="2.357" errors="0" timestamp="2023-12-08T19:35:47 CST" skipped="0">
  <testcase classname="testcases.DeleteOneAccount" name="deleteOneAccount" time="1.153"/>
  <testcase classname="testcases.DeleteOneAccount" name="readOneAccount" time="1.204"/>
</testsuite> <!-- testcases.DeleteOneAccount -->
