<?xml version="1.0" encoding="UTF-8"?>
<!-- Generated by org.testng.reporters.JUnitReportReporter -->
<testsuite hostname="Rohini" failures="0" tests="3" name="testcases.CreateOneAccount" time="3.548" errors="0" timestamp="2023-12-10T19:46:26 CST" skipped="0">
  <testcase classname="testcases.CreateOneAccount" name="createOneAccount" time="1.034"/>
  <testcase classname="testcases.CreateOneAccount" name="readAll" time="1.144"/>
  <testcase classname="testcases.CreateOneAccount" name="readOneAccount" time="1.370"/>
</testsuite> <!-- testcases.CreateOneAccount -->
