<?xml version="1.0" encoding="UTF-8"?>
<!-- Generated by org.testng.reporters.JUnitReportReporter -->
<testsuite hostname="Rohini" failures="0" tests="3" name="testcases.CreateThreeAccount" time="3.147" errors="0" timestamp="2023-12-10T19:07:27 CST" skipped="0">
  <testcase classname="testcases.CreateThreeAccount" name="createThreeAccount" time="1.030"/>
  <testcase classname="testcases.CreateThreeAccount" name="createThreeAccount" time="1.100"/>
  <testcase classname="testcases.CreateThreeAccount" name="createThreeAccount" time="1.017"/>
</testsuite> <!-- testcases.CreateThreeAccount -->
