<?xml version="1.0" encoding="UTF-8"?>
<!-- Generated by org.testng.reporters.JUnitReportReporter -->
<testsuite hostname="Rohini" failures="0" tests="2" name="testcases.ReadOneAccount" time="3.619" errors="0" timestamp="2023-12-07T12:40:18 CST" skipped="0">
  <testcase classname="testcases.ReadOneAccount" name="getBeareToken" time="2.449"/>
  <testcase classname="testcases.ReadOneAccount" name="readOneAccount" time="1.170"/>
</testsuite> <!-- testcases.ReadOneAccount -->
