<?xml version="1.0" encoding="UTF-8"?>
<!-- Generated by org.testng.reporters.JUnitReportReporter -->
<testsuite hostname="Rohini" failures="0" tests="2" name="testcases.AuthenticationApi" time="4.543" errors="0" timestamp="2023-12-14T21:14:35 CST" skipped="0">
  <testcase classname="testcases.AuthenticationApi" name="authenticationApi" time="3.368"/>
  <testcase classname="testcases.AuthenticationApi" name="readAll" time="1.175"/>
</testsuite> <!-- testcases.AuthenticationApi -->
