<?xml version="1.0" encoding="UTF-8"?>
<!-- Generated by org.testng.reporters.JUnitReportReporter -->
<testsuite hostname="Rohini" failures="0" tests="2" name="testcases.UpdateOneAccount" time="2.630" errors="0" timestamp="2023-12-08T19:17:38 CST" skipped="0">
  <testcase classname="testcases.UpdateOneAccount" name="updateOneAccount" time="1.279"/>
  <testcase classname="testcases.UpdateOneAccount" name="readOneAccount" time="1.351"/>
</testsuite> <!-- testcases.UpdateOneAccount -->
