<?xml version="1.0" encoding="UTF-8"?>
<!-- Generated by org.testng.reporters.JUnitReportReporter -->
<testsuite hostname="manojs-MacBook-Pro.local" failures="0" tests="1" name="variousconcepts.LoginTest" time="7.341" errors="0" timestamp="2023-09-24T13:35:05 CDT" skipped="0">
  <testcase classname="variousconcepts.LoginTest" name="LoginTestNG" time="7.341"/>
</testsuite> <!-- variousconcepts.LoginTest -->
