<?xml version="1.0" encoding="UTF-8"?>
<!-- Generated by org.testng.reporters.JUnitReportReporter -->
<testsuite hostname="manojs-MBP.lan1" failures="0" tests="1" name="variousConcepts.Assignment" time="11.789" errors="0" timestamp="2023-10-07T21:54:26 CDT" skipped="0">
  <testcase classname="variousConcepts.Assignment" name="testDropDown" time="11.789"/>
  <system-out/>
</testsuite> <!-- variousConcepts.Assignment -->
