<?xml version="1.0" encoding="UTF-8"?>
<!-- Generated by org.testng.reporters.JUnitReportReporter -->
<testsuite hostname="manojs-MBP.lan1" failures="0" tests="1" name="session5testng.EdgeAndChrome" time="35.026" errors="0" timestamp="30 Sep 2023 04:42:24 GMT" skipped="0">
  <testcase classname="session5testng.EdgeAndChrome" name="LoginTestNG" time="35.026"/>
</testsuite> <!-- session5testng.EdgeAndChrome -->
